<?xml version="1.0" encoding="utf-8"?><testsuites><testsuite name="pytest" errors="0" failures="0" skipped="0" tests="1" time="29.037" timestamp="2021-11-15T14:45:30.545346" hostname="zhangxuedeMacBook-Pro.local"><testcase classname="test_case.test_team.TestTeam" name="test_admin_login[chromium]" time="13.732" /><testcase time="0.001" /></testsuite></testsuites>